{
  "RSpec": {
    "coverage": {
      "/home/claudio/Documents/Workspace/wallpaper-repository/spec/support/request_helper.rb": [
        null,
        null,
        1,
        null,
        null,
        1,
        1,
        0,
        null,
        null,
        1,
        7,
        null,
        null,
        null,
        null,
        null,
        null,
        null,
        null,
        null,
        1,
        1,
        null
      ],
      "/home/claudio/Documents/Workspace/wallpaper-repository/spec/support/shared_examples/shared_examples_for_users.rb": [
        null,
        1,
        0,
        0,
        0,
        0,
        0,
        0,
        0,
        null,
        null
      ],
      "/home/claudio/Documents/Workspace/wallpaper-repository/spec/support/shared_examples/shared_examples_for_wallpapers.rb": [
        null,
        1,
        1,
        1,
        1,
        1,
        1,
        1,
        1,
        1,
        null,
        null
      ],
      "/home/claudio/Documents/Workspace/wallpaper-repository/spec/support/shared_examples/shared_examples_for_erros.rb": [
        null,
        null,
        1,
        0,
        0,
        0,
        0,
        0,
        null,
        null,
        null,
        1,
        0,
        0,
        0,
        null,
        null
      ],
      "/home/claudio/Documents/Workspace/wallpaper-repository/spec/support/factory_bot.rb": [
        null,
        null,
        null,
        1,
        null,
        1,
        1,
        null
      ],
      "/home/claudio/Documents/Workspace/wallpaper-repository/spec/factories/create_user_wallpaper.rb": [
        null,
        1,
        null,
        1,
        1,
        3,
        3,
        3,
        null,
        1,
        null,
        null
      ],
      "/home/claudio/Documents/Workspace/wallpaper-repository/spec/factories/users.rb": [
        null,
        1,
        null,
        1,
        1,
        3,
        3,
        3,
        3,
        null,
        null
      ],
      "/home/claudio/Documents/Workspace/wallpaper-repository/app/graphql/mutations/user_wallpaper/create_user_wallpaper_mutation.rb": [
        null,
        1,
        1,
        1,
        1,
        1,
        1,
        1,
        null,
        1,
        1,
        null,
        1,
        2,
        2,
        2,
        2,
        2,
        2,
        null,
        0,
        null,
        null,
        null,
        null,
        null
      ],
      "/home/claudio/Documents/Workspace/wallpaper-repository/app/graphql/mutations/base_mutation.rb": [
        null,
        1,
        1,
        1,
        1,
        1,
        1,
        null,
        null
      ],
      "/home/claudio/Documents/Workspace/wallpaper-repository/app/graphql/types/base_argument.rb": [
        null,
        1,
        1,
        null,
        null
      ],
      "/home/claudio/Documents/Workspace/wallpaper-repository/app/graphql/types/base_field.rb": [
        null,
        1,
        1,
        1,
        null,
        null
      ],
      "/home/claudio/Documents/Workspace/wallpaper-repository/app/graphql/types/base_input_object.rb": [
        null,
        1,
        1,
        1,
        null,
        null
      ],
      "/home/claudio/Documents/Workspace/wallpaper-repository/app/graphql/types/base_object.rb": [
        null,
        1,
        1,
        1,
        null,
        null
      ],
      "/home/claudio/Documents/Workspace/wallpaper-repository/app/graphql/types/create_wallpaper_input.rb": [
        null,
        null,
        1,
        1,
        1,
        1,
        null,
        null
      ],
      "/home/claudio/Documents/Workspace/wallpaper-repository/app/graphql/types/wallpaper_type.rb": [
        1,
        1,
        1,
        1,
        1,
        1,
        null,
        null
      ],
      "/home/claudio/Documents/Workspace/wallpaper-repository/app/models/user.rb": [
        null,
        1,
        1,
        null,
        1,
        1,
        1,
        null
      ],
      "/home/claudio/Documents/Workspace/wallpaper-repository/app/models/application_record.rb": [
        null,
        1,
        1,
        null
      ],
      "/home/claudio/Documents/Workspace/wallpaper-repository/app/models/wallpaper.rb": [
        1,
        null,
        1,
        1,
        null,
        1,
        null
      ],
      "/home/claudio/Documents/Workspace/wallpaper-repository/app/uploads/image_uploader.rb": [
        1,
        null,
        null,
        null,
        null,
        null,
        1,
        null,
        null,
        null,
        null,
        1,
        2,
        null,
        null,
        null,
        null,
        null,
        null,
        null,
        null,
        null,
        null,
        null,
        null,
        null,
        null,
        null,
        null,
        null,
        null,
        null,
        null,
        null,
        null,
        1,
        4,
        null,
        null,
        1,
        4,
        null,
        null,
        1,
        4,
        null,
        null,
        null,
        null,
        1,
        4,
        null,
        null
      ],
      "/home/claudio/Documents/Workspace/wallpaper-repository/app/controllers/application_controller.rb": [
        null,
        1,
        1,
        null
      ],
      "/home/claudio/Documents/Workspace/wallpaper-repository/app/controllers/graphql_controller.rb": [
        null,
        1,
        null,
        null,
        null,
        null,
        null,
        1,
        2,
        2,
        2,
        2,
        null,
        null,
        null,
        2,
        2,
        null,
        0,
        0,
        null,
        null,
        1,
        null,
        null,
        1,
        2,
        null,
        0,
        0,
        null,
        0,
        null,
        null,
        2,
        null,
        0,
        null,
        0,
        null,
        null,
        null,
        1,
        0,
        0,
        null,
        0,
        null,
        null
      ],
      "/home/claudio/Documents/Workspace/wallpaper-repository/app/graphql/wallpaper_repository_schema.rb": [
        null,
        1,
        1,
        1,
        null
      ],
      "/home/claudio/Documents/Workspace/wallpaper-repository/app/graphql/types/mutation_type.rb": [
        null,
        1,
        1,
        1,
        1,
        1,
        1,
        null,
        null
      ],
      "/home/claudio/Documents/Workspace/wallpaper-repository/app/graphql/mutations/user/delete_user_mutation.rb": [
        null,
        1,
        1,
        1,
        1,
        1,
        1,
        1,
        0,
        0,
        0,
        null,
        0,
        null,
        null,
        0,
        null,
        null,
        null,
        null
      ],
      "/home/claudio/Documents/Workspace/wallpaper-repository/app/graphql/types/user_type.rb": [
        null,
        1,
        1,
        1,
        1,
        1,
        null,
        1,
        null,
        null
      ],
      "/home/claudio/Documents/Workspace/wallpaper-repository/app/graphql/mutations/user/update_user_mutation.rb": [
        null,
        1,
        1,
        1,
        1,
        1,
        1,
        1,
        null,
        1,
        1,
        null,
        1,
        0,
        0,
        0,
        0,
        null,
        0,
        0,
        null,
        null,
        0,
        0,
        null,
        0,
        0,
        null,
        0,
        null,
        null,
        0,
        null,
        null,
        null,
        null
      ],
      "/home/claudio/Documents/Workspace/wallpaper-repository/app/graphql/mutations/auth/sign_up_mutation.rb": [
        null,
        1,
        1,
        1,
        1,
        1,
        1,
        null,
        1,
        1,
        null,
        1,
        0,
        null,
        null,
        null,
        null,
        null,
        null,
        null,
        0,
        0,
        null,
        0,
        null,
        null,
        0,
        null,
        null,
        null,
        null
      ],
      "/home/claudio/Documents/Workspace/wallpaper-repository/app/graphql/types/auth_provider_email_input.rb": [
        null,
        1,
        1,
        1,
        1,
        null,
        null
      ],
      "/home/claudio/Documents/Workspace/wallpaper-repository/app/graphql/types/query_type.rb": [
        null,
        1,
        1,
        null,
        null,
        null,
        null,
        1,
        null,
        1,
        0,
        null,
        null,
        null
      ]
    },
    "timestamp": 1578761455
  }
}
